Build started 12/11/2016 7:58:53 PM.
     1>Project "C:\Users\Chun\CS3113\project_template\Windows\Hw 5\NYUCodebase\NYUCodebase.vcxproj" on node 2 (Build target(s)).
     1>C:\Program Files (x86)\MSBuild\Microsoft.Cpp\v4.0\V120\Microsoft.CppBuild.targets(381,5): warning MSB8028: The intermediate directory (Debug\) contains files shared from another project (GameProgHw2.vcxproj, NYUCodebase.vcxproj).  This can lead to incorrect clean and rebuild behavior.
     1>ClCompile:
         C:\Program Files (x86)\Microsoft Visual Studio 12.0\VC\bin\CL.exe /c /IC:\SDL2\include /IC:\SDL2_image\include /IC:\glew\include /IC:\SDL2_mixer\include /ZI /nologo /W3 /WX- /sdl /Od /Oy- /D _WINDOWS /D _MBCS /D _MBCS /Gm /EHsc /RTC1 /MDd /GS /fp:precise /Zc:wchar_t /Zc:forScope /Fo"Debug\\" /Fd"Debug\vc120.pdb" /Gd /TP /analyze- /errorReport:prompt main.cpp
         main.cpp
     1>c:\users\chun\cs3113\project_template\windows\hw 5\nyucodebase\main.cpp(48): warning C4018: '<' : signed/unsigned mismatch
     1>c:\users\chun\cs3113\project_template\windows\hw 5\nyucodebase\main.cpp(51): warning C4018: '<' : signed/unsigned mismatch
     1>c:\users\chun\cs3113\project_template\windows\hw 5\nyucodebase\main.cpp(64): warning C4244: 'initializing' : conversion from 'double' to 'float', possible loss of data
     1>c:\users\chun\cs3113\project_template\windows\hw 5\nyucodebase\main.cpp(65): warning C4244: 'initializing' : conversion from 'double' to 'float', possible loss of data
     1>c:\users\chun\cs3113\project_template\windows\hw 5\nyucodebase\main.cpp(67): warning C4244: 'initializing' : conversion from 'double' to 'float', possible loss of data
     1>c:\users\chun\cs3113\project_template\windows\hw 5\nyucodebase\main.cpp(76): warning C4018: '<' : signed/unsigned mismatch
     1>c:\users\chun\cs3113\project_template\windows\hw 5\nyucodebase\main.cpp(93): warning C4018: '<' : signed/unsigned mismatch
     1>c:\users\chun\cs3113\project_template\windows\hw 5\nyucodebase\main.cpp(179): warning C4018: '<' : signed/unsigned mismatch
     1>c:\users\chun\cs3113\project_template\windows\hw 5\nyucodebase\main.cpp(214): warning C4244: 'argument' : conversion from 'double' to 'float', possible loss of data
     1>c:\users\chun\cs3113\project_template\windows\hw 5\nyucodebase\main.cpp(227): warning C4018: '<' : signed/unsigned mismatch
     1>c:\users\chun\cs3113\project_template\windows\hw 5\nyucodebase\main.cpp(228): warning C4018: '<' : signed/unsigned mismatch
     1>c:\users\chun\cs3113\project_template\windows\hw 5\nyucodebase\main.cpp(255): warning C4018: '<' : signed/unsigned mismatch
     1>c:\users\chun\cs3113\project_template\windows\hw 5\nyucodebase\main.cpp(361): warning C4244: '+=' : conversion from 'double' to 'float', possible loss of data
     1>c:\users\chun\cs3113\project_template\windows\hw 5\nyucodebase\main.cpp(362): warning C4244: '+=' : conversion from 'double' to 'float', possible loss of data
     1>c:\users\chun\cs3113\project_template\windows\hw 5\nyucodebase\main.cpp(364): warning C4244: '-=' : conversion from 'double' to 'float', possible loss of data
     1>c:\users\chun\cs3113\project_template\windows\hw 5\nyucodebase\main.cpp(365): warning C4244: '-=' : conversion from 'double' to 'float', possible loss of data
     1>c:\users\chun\cs3113\project_template\windows\hw 5\nyucodebase\main.cpp(376): warning C4244: '+=' : conversion from 'double' to 'float', possible loss of data
     1>c:\users\chun\cs3113\project_template\windows\hw 5\nyucodebase\main.cpp(377): warning C4244: '+=' : conversion from 'double' to 'float', possible loss of data
     1>c:\users\chun\cs3113\project_template\windows\hw 5\nyucodebase\main.cpp(379): warning C4244: '-=' : conversion from 'double' to 'float', possible loss of data
     1>c:\users\chun\cs3113\project_template\windows\hw 5\nyucodebase\main.cpp(380): warning C4244: '-=' : conversion from 'double' to 'float', possible loss of data
     1>c:\users\chun\cs3113\project_template\windows\hw 5\nyucodebase\main.cpp(390): warning C4244: '+=' : conversion from 'double' to 'float', possible loss of data
     1>c:\users\chun\cs3113\project_template\windows\hw 5\nyucodebase\main.cpp(391): warning C4244: '+=' : conversion from 'double' to 'float', possible loss of data
     1>c:\users\chun\cs3113\project_template\windows\hw 5\nyucodebase\main.cpp(393): warning C4244: '-=' : conversion from 'double' to 'float', possible loss of data
     1>c:\users\chun\cs3113\project_template\windows\hw 5\nyucodebase\main.cpp(394): warning C4244: '-=' : conversion from 'double' to 'float', possible loss of data
       Link:
         C:\Program Files (x86)\Microsoft Visual Studio 12.0\VC\bin\link.exe /ERRORREPORT:PROMPT /OUT:"C:\Users\Chun\CS3113\project_template\Windows\Hw 5\Debug\GameProgHw3.exe" /INCREMENTAL /NOLOGO /LIBPATH:C:\SDL2_mixer\lib\x86 /LIBPATH:C:\SDL2\lib\x86 /LIBPATH:C:\SDL2_image\lib\x86 /LIBPATH:C:\glew\lib\Release\Win32 SDL2.lib SDL2_mixer.lib glew32.lib SDL2main.lib SDL2_image.lib OpenGL32.lib /MANIFEST /MANIFESTUAC:"level='asInvoker' uiAccess='false'" /manifest:embed /DEBUG /PDB:"C:\Users\Chun\CS3113\project_template\Windows\Hw 5\Debug\GameProgHw3.pdb" /SUBSYSTEM:WINDOWS /TLBID:1 /DYNAMICBASE /NXCOMPAT /IMPLIB:"C:\Users\Chun\CS3113\project_template\Windows\Hw 5\Debug\GameProgHw3.lib" /MACHINE:X86 Debug\main.obj
         Debug\Matrix.obj
         Debug\ShaderProgram.obj
         NYUCodebase.vcxproj -> C:\Users\Chun\CS3113\project_template\Windows\Hw 5\Debug\GameProgHw3.exe
     1>Done Building Project "C:\Users\Chun\CS3113\project_template\Windows\Hw 5\NYUCodebase\NYUCodebase.vcxproj" (Build target(s)).

Build succeeded.

Time Elapsed 00:00:01.31
