Build started 10/5/2016 11:09:50 PM.
     1>Project "C:\Users\Chun\CS3113\project_template\Windows\Hw 2\NYUCodebase\NYUCodebase.vcxproj" on node 2 (Build target(s)).
     1>C:\Program Files (x86)\MSBuild\Microsoft.Cpp\v4.0\V120\Microsoft.CppBuild.targets(381,5): warning MSB8028: The intermediate directory (Debug\) contains files shared from another project (NYUCodebase.vcxproj).  This can lead to incorrect clean and rebuild behavior.
     1>ClCompile:
         C:\Program Files (x86)\Microsoft Visual Studio 12.0\VC\bin\CL.exe /c /IC:\SDL2\include /IC:\SDL2_image\include /IC:\glew\include /IC:\SDL2_mixer\include /ZI /nologo /W3 /WX- /sdl /Od /Oy- /D _WINDOWS /D _MBCS /D _MBCS /Gm /EHsc /RTC1 /MDd /GS /fp:precise /Zc:wchar_t /Zc:forScope /Fo"Debug\\" /Fd"Debug\vc120.pdb" /Gd /TP /analyze- /errorReport:prompt Matrix.cpp ShaderProgram.cpp main.cpp
         main.cpp
     1>c:\users\chun\cs3113\project_template\windows\hw 2\nyucodebase\main.cpp(134): warning C4244: '+=' : conversion from 'double' to 'float', possible loss of data
     1>c:\users\chun\cs3113\project_template\windows\hw 2\nyucodebase\main.cpp(135): warning C4244: '+=' : conversion from 'double' to 'float', possible loss of data
     1>c:\users\chun\cs3113\project_template\windows\hw 2\nyucodebase\main.cpp(143): warning C4244: '=' : conversion from 'double' to 'float', possible loss of data
     1>c:\users\chun\cs3113\project_template\windows\hw 2\nyucodebase\main.cpp(151): warning C4244: '=' : conversion from 'double' to 'float', possible loss of data
     1>c:\users\chun\cs3113\project_template\windows\hw 2\nyucodebase\main.cpp(161): warning C4244: '=' : conversion from 'double' to 'float', possible loss of data
     1>c:\users\chun\cs3113\project_template\windows\hw 2\nyucodebase\main.cpp(169): warning C4244: '=' : conversion from 'double' to 'float', possible loss of data
     1>c:\users\chun\cs3113\project_template\windows\hw 2\nyucodebase\main.cpp(193): warning C4244: '=' : conversion from 'double' to 'float', possible loss of data
     1>c:\users\chun\cs3113\project_template\windows\hw 2\nyucodebase\main.cpp(198): warning C4244: '=' : conversion from 'double' to 'float', possible loss of data
     1>c:\users\chun\cs3113\project_template\windows\hw 2\nyucodebase\main.cpp(224): warning C4305: 'initializing' : truncation from 'double' to 'float'
     1>c:\users\chun\cs3113\project_template\windows\hw 2\nyucodebase\main.cpp(225): warning C4305: 'initializing' : truncation from 'double' to 'float'
     1>c:\users\chun\cs3113\project_template\windows\hw 2\nyucodebase\main.cpp(226): warning C4305: 'initializing' : truncation from 'double' to 'float'
     1>c:\users\chun\cs3113\project_template\windows\hw 2\nyucodebase\main.cpp(227): warning C4305: 'initializing' : truncation from 'double' to 'float'
     1>c:\users\chun\cs3113\project_template\windows\hw 2\nyucodebase\main.cpp(228): warning C4305: 'initializing' : truncation from 'double' to 'float'
         Generating Code...
         Skipping... (no relevant changes detected)
         ShaderProgram.cpp
         Matrix.cpp
       Link:
         C:\Program Files (x86)\Microsoft Visual Studio 12.0\VC\bin\link.exe /ERRORREPORT:PROMPT /OUT:"C:\Users\Chun\CS3113\project_template\Windows\Hw 2\Debug\GameProgHw2.exe" /INCREMENTAL /NOLOGO /LIBPATH:C:\SDL2_mixer\lib\x86 /LIBPATH:C:\SDL2\lib\x86 /LIBPATH:C:\SDL2_image\lib\x86 /LIBPATH:C:\glew\lib\Release\Win32 SDL2.lib SDL2_mixer.lib glew32.lib SDL2main.lib SDL2_image.lib OpenGL32.lib /MANIFEST /MANIFESTUAC:"level='asInvoker' uiAccess='false'" /manifest:embed /DEBUG /PDB:"C:\Users\Chun\CS3113\project_template\Windows\Hw 2\Debug\GameProgHw2.pdb" /SUBSYSTEM:WINDOWS /TLBID:1 /DYNAMICBASE /NXCOMPAT /IMPLIB:"C:\Users\Chun\CS3113\project_template\Windows\Hw 2\Debug\GameProgHw2.lib" /MACHINE:X86 Debug\main.obj
         Debug\Matrix.obj
         Debug\ShaderProgram.obj
     1>MSVCRTD.lib(cinitexe.obj) : warning LNK4098: defaultlib 'msvcrt.lib' conflicts with use of other libs; use /NODEFAULTLIB:library
         NYUCodebase.vcxproj -> C:\Users\Chun\CS3113\project_template\Windows\Hw 2\Debug\GameProgHw2.exe
     1>Done Building Project "C:\Users\Chun\CS3113\project_template\Windows\Hw 2\NYUCodebase\NYUCodebase.vcxproj" (Build target(s)).

Build succeeded.

Time Elapsed 00:00:01.96
