Build started 11/25/2016 12:20:39 PM.
     1>Project "C:\Users\Chun\CS3113\project_template\Windows\Hw 4 with sound\NYUCodebase\NYUCodebase.vcxproj" on node 2 (Build target(s)).
     1>ClCompile:
         C:\Program Files (x86)\Microsoft Visual Studio 12.0\VC\bin\CL.exe /c /IC:\SDL2\include /IC:\SDL2_image\include /IC:\glew\include /IC:\SDL2_mixer\include /ZI /nologo /W3 /WX- /sdl /Od /Oy- /D _WINDOWS /D _MBCS /D _MBCS /Gm /EHsc /RTC1 /MDd /GS /fp:precise /Zc:wchar_t /Zc:forScope /Fo"Debug\\" /Fd"Debug\vc120.pdb" /Gd /TP /analyze- /errorReport:prompt main.cpp
         main.cpp
     1>c:\users\chun\cs3113\project_template\windows\hw 4 with sound\nyucodebase\main.cpp(70): warning C4244: 'return' : conversion from 'double' to 'float', possible loss of data
     1>c:\users\chun\cs3113\project_template\windows\hw 4 with sound\nyucodebase\main.cpp(101): warning C4244: 'initializing' : conversion from 'double' to 'int', possible loss of data
     1>c:\users\chun\cs3113\project_template\windows\hw 4 with sound\nyucodebase\main.cpp(175): warning C4018: '<' : signed/unsigned mismatch
     1>c:\users\chun\cs3113\project_template\windows\hw 4 with sound\nyucodebase\main.cpp(210): warning C4244: 'initializing' : conversion from 'double' to 'float', possible loss of data
     1>c:\users\chun\cs3113\project_template\windows\hw 4 with sound\nyucodebase\main.cpp(211): warning C4244: 'initializing' : conversion from 'double' to 'float', possible loss of data
     1>c:\users\chun\cs3113\project_template\windows\hw 4 with sound\nyucodebase\main.cpp(239): warning C4244: 'initializing' : conversion from 'double' to 'float', possible loss of data
     1>c:\users\chun\cs3113\project_template\windows\hw 4 with sound\nyucodebase\main.cpp(240): warning C4244: 'initializing' : conversion from 'double' to 'float', possible loss of data
     1>c:\users\chun\cs3113\project_template\windows\hw 4 with sound\nyucodebase\main.cpp(251): warning C4018: '<' : signed/unsigned mismatch
     1>c:\users\chun\cs3113\project_template\windows\hw 4 with sound\nyucodebase\main.cpp(334): warning C4305: '=' : truncation from 'double' to 'float'
     1>c:\users\chun\cs3113\project_template\windows\hw 4 with sound\nyucodebase\main.cpp(355): warning C4305: '=' : truncation from 'double' to 'float'
     1>c:\users\chun\cs3113\project_template\windows\hw 4 with sound\nyucodebase\main.cpp(424): warning C4018: '<' : signed/unsigned mismatch
     1>c:\users\chun\cs3113\project_template\windows\hw 4 with sound\nyucodebase\main.cpp(450): warning C4244: '=' : conversion from 'float' to 'int', possible loss of data
     1>c:\users\chun\cs3113\project_template\windows\hw 4 with sound\nyucodebase\main.cpp(527): warning C4244: '+=' : conversion from 'double' to 'int', possible loss of data
     1>c:\users\chun\cs3113\project_template\windows\hw 4 with sound\nyucodebase\main.cpp(556): warning C4244: '=' : conversion from 'double' to 'float', possible loss of data
       Link:
         C:\Program Files (x86)\Microsoft Visual Studio 12.0\VC\bin\link.exe /ERRORREPORT:PROMPT /OUT:"C:\Users\Chun\CS3113\project_template\Windows\Hw 4 with sound\Debug\GameProgHw4.exe" /INCREMENTAL /NOLOGO /LIBPATH:C:\SDL2_mixer\lib\x86 /LIBPATH:C:\SDL2\lib\x86 /LIBPATH:C:\SDL2_image\lib\x86 /LIBPATH:C:\glew\lib\Release\Win32 SDL2.lib SDL2_mixer.lib glew32.lib SDL2main.lib SDL2_image.lib OpenGL32.lib /MANIFEST /MANIFESTUAC:"level='asInvoker' uiAccess='false'" /manifest:embed /DEBUG /PDB:"C:\Users\Chun\CS3113\project_template\Windows\Hw 4 with sound\Debug\GameProgHw4.pdb" /SUBSYSTEM:WINDOWS /TLBID:1 /DYNAMICBASE /NXCOMPAT /IMPLIB:"C:\Users\Chun\CS3113\project_template\Windows\Hw 4 with sound\Debug\GameProgHw4.lib" /MACHINE:X86 Debug\main.obj
         Debug\Matrix.obj
         Debug\ShaderProgram.obj
         NYUCodebase.vcxproj -> C:\Users\Chun\CS3113\project_template\Windows\Hw 4 with sound\Debug\GameProgHw4.exe
     1>Done Building Project "C:\Users\Chun\CS3113\project_template\Windows\Hw 4 with sound\NYUCodebase\NYUCodebase.vcxproj" (Build target(s)).

Build succeeded.

Time Elapsed 00:00:01.31
